<?xml version="1.0" encoding="UTF-8"?>
<!-- Generated by org.testng.reporters.JUnitReportReporter -->
<testsuite skipped="0" hostname="Lenovo-PC" name="qcclickacademy.mavenjava.SeleniumTest" tests="2" failures="0" timestamp="29 Jul 2020 18:05:27 GMT" time="0.002" errors="0">
  <testcase name="elementsUi" time="0.001" classname="qcclickacademy.mavenjava.SeleniumTest"/>
  <testcase name="BrowserAUtomation" time="0.001" classname="qcclickacademy.mavenjava.SeleniumTest"/>
</testsuite> <!-- qcclickacademy.mavenjava.SeleniumTest -->
