<?xml version="1.0" encoding="UTF-8"?>
<!-- Generated by org.testng.reporters.JUnitReportReporter -->
<testsuite skipped="0" hostname="Lenovo-PC" name="qcclickacademy.mavenjava.AppiumTest" tests="2" failures="0" timestamp="29 Jul 2020 18:05:27 GMT" time="0.025" errors="0">
  <testcase name="NativeAPpAndroid" time="0.001" classname="qcclickacademy.mavenjava.AppiumTest"/>
  <testcase name="IOSApps" time="0.024" classname="qcclickacademy.mavenjava.AppiumTest"/>
</testsuite> <!-- qcclickacademy.mavenjava.AppiumTest -->
